app/build/intermediates/manifest_merge_blame_file/release/manifest-merger-blame-release-report.txt
1<?xml version="1.0" encoding="utf-8"?>
2<manifest xmlns:android="http://schemas.android.com/apk/res/android"
3    package="cn.navitool"
4    android:versionCode="1"
5    android:versionName="0.1" >
6
7    <uses-sdk
8        android:minSdkVersion="28"
9        android:targetSdkVersion="34" />
10
11    <uses-permission android:name="android.permission.RECEIVE_BOOT_COMPLETED" />
11-->src\main\AndroidManifest.xml:5:5-81
11-->src\main\AndroidManifest.xml:5:22-78
12    <uses-permission android:name="android.permission.FOREGROUND_SERVICE" />
12-->src\main\AndroidManifest.xml:6:5-77
12-->src\main\AndroidManifest.xml:6:22-74
13    <uses-permission android:name="android.permission.SYSTEM_ALERT_WINDOW" />
13-->src\main\AndroidManifest.xml:7:5-78
13-->src\main\AndroidManifest.xml:7:22-75
14    <uses-permission android:name="android.permission.REQUEST_IGNORE_BATTERY_OPTIMIZATIONS" />
14-->src\main\AndroidManifest.xml:8:5-95
14-->src\main\AndroidManifest.xml:8:22-92
15    <uses-permission android:name="android.permission.WRITE_EXTERNAL_STORAGE" />
15-->src\main\AndroidManifest.xml:9:5-81
15-->src\main\AndroidManifest.xml:9:22-78
16    <uses-permission android:name="android.permission.MANAGE_EXTERNAL_STORAGE" />
16-->src\main\AndroidManifest.xml:10:5-82
16-->src\main\AndroidManifest.xml:10:22-79
17    <uses-permission android:name="android.permission.INTERNET" />
17-->src\main\AndroidManifest.xml:11:5-67
17-->src\main\AndroidManifest.xml:11:22-64
18
19    <permission
19-->[androidx.core:core:1.9.0] AndroidManifest.xml:22:5-24:47
20        android:name="cn.navitool.DYNAMIC_RECEIVER_NOT_EXPORTED_PERMISSION"
20-->[androidx.core:core:1.9.0] AndroidManifest.xml:23:9-81
21        android:protectionLevel="signature" />
21-->[androidx.core:core:1.9.0] AndroidManifest.xml:24:9-44
22
23    <uses-permission android:name="cn.navitool.DYNAMIC_RECEIVER_NOT_EXPORTED_PERMISSION" />
23-->[androidx.core:core:1.9.0] AndroidManifest.xml:26:5-97
23-->[androidx.core:core:1.9.0] AndroidManifest.xml:26:22-94
24
25    <application
25-->src\main\AndroidManifest.xml:13:5-65:19
26        android:allowBackup="true"
26-->src\main\AndroidManifest.xml:14:9-35
27        android:appComponentFactory="androidx.core.app.CoreComponentFactory"
27-->[androidx.core:core:1.9.0] AndroidManifest.xml:28:18-86
28        android:dataExtractionRules="@xml/data_extraction_rules"
28-->src\main\AndroidManifest.xml:15:9-65
29        android:extractNativeLibs="false"
30        android:fullBackupContent="@xml/backup_rules"
30-->src\main\AndroidManifest.xml:16:9-54
31        android:icon="@drawable/ic_launcher"
31-->src\main\AndroidManifest.xml:17:9-45
32        android:label="@string/app_name"
32-->src\main\AndroidManifest.xml:18:9-41
33        android:roundIcon="@drawable/ic_launcher_round"
33-->src\main\AndroidManifest.xml:19:9-56
34        android:supportsRtl="true"
34-->src\main\AndroidManifest.xml:20:9-35
35        android:theme="@style/Theme.NaviTool" >
35-->src\main\AndroidManifest.xml:21:9-46
36        <activity
36-->src\main\AndroidManifest.xml:23:9-31:20
37            android:name="cn.navitool.MainActivity"
37-->src\main\AndroidManifest.xml:24:13-41
38            android:exported="true" >
38-->src\main\AndroidManifest.xml:25:13-36
39            <intent-filter>
39-->src\main\AndroidManifest.xml:26:13-30:29
40                <action android:name="android.intent.action.MAIN" />
40-->src\main\AndroidManifest.xml:27:17-69
40-->src\main\AndroidManifest.xml:27:25-66
41
42                <category android:name="android.intent.category.LAUNCHER" />
42-->src\main\AndroidManifest.xml:29:17-77
42-->src\main\AndroidManifest.xml:29:27-74
43            </intent-filter>
44        </activity>
45
46        <receiver
46-->src\main\AndroidManifest.xml:33:9-46:20
47            android:name="cn.navitool.BootReceiver"
47-->src\main\AndroidManifest.xml:34:13-41
48            android:directBootAware="true"
48-->src\main\AndroidManifest.xml:37:13-43
49            android:enabled="true"
49-->src\main\AndroidManifest.xml:35:13-35
50            android:exported="true" >
50-->src\main\AndroidManifest.xml:36:13-36
51            <intent-filter>
51-->src\main\AndroidManifest.xml:38:13-45:29
52                <action android:name="android.intent.action.BOOT_COMPLETED" />
52-->src\main\AndroidManifest.xml:39:17-79
52-->src\main\AndroidManifest.xml:39:25-76
53                <action android:name="android.intent.action.QUICKBOOT_POWERON" />
53-->src\main\AndroidManifest.xml:40:17-82
53-->src\main\AndroidManifest.xml:40:25-79
54                <action android:name="com.htc.intent.action.QUICKBOOT_POWERON" />
54-->src\main\AndroidManifest.xml:41:17-82
54-->src\main\AndroidManifest.xml:41:25-79
55                <action android:name="android.intent.action.USER_PRESENT" />
55-->src\main\AndroidManifest.xml:42:17-77
55-->src\main\AndroidManifest.xml:42:25-74
56                <action android:name="android.intent.action.ACTION_POWER_CONNECTED" />
56-->src\main\AndroidManifest.xml:43:17-87
56-->src\main\AndroidManifest.xml:43:25-84
57                <action android:name="android.intent.action.ACTION_POWER_DISCONNECTED" />
57-->src\main\AndroidManifest.xml:44:17-90
57-->src\main\AndroidManifest.xml:44:25-87
58            </intent-filter>
59        </receiver>
60
61        <service
61-->src\main\AndroidManifest.xml:52:9-64:19
62            android:name="cn.navitool.KeepAliveAccessibilityService"
62-->src\main\AndroidManifest.xml:53:13-58
63            android:exported="true"
63-->src\main\AndroidManifest.xml:54:13-36
64            android:label="@string/app_name"
64-->src\main\AndroidManifest.xml:55:13-45
65            android:permission="android.permission.BIND_ACCESSIBILITY_SERVICE" >
65-->src\main\AndroidManifest.xml:56:13-79
66            <intent-filter>
66-->src\main\AndroidManifest.xml:57:13-59:29
67                <action android:name="android.accessibilityservice.AccessibilityService" />
67-->src\main\AndroidManifest.xml:58:17-92
67-->src\main\AndroidManifest.xml:58:25-89
68            </intent-filter>
69
70            <meta-data
70-->src\main\AndroidManifest.xml:61:13-63:72
71                android:name="android.accessibilityservice"
71-->src\main\AndroidManifest.xml:62:17-60
72                android:resource="@xml/accessibility_service_config" />
72-->src\main\AndroidManifest.xml:63:17-69
73        </service>
74
75        <provider
75-->[androidx.emoji2:emoji2:1.2.0] AndroidManifest.xml:24:9-32:20
76            android:name="androidx.startup.InitializationProvider"
76-->[androidx.emoji2:emoji2:1.2.0] AndroidManifest.xml:25:13-67
77            android:authorities="cn.navitool.androidx-startup"
77-->[androidx.emoji2:emoji2:1.2.0] AndroidManifest.xml:26:13-68
78            android:exported="false" >
78-->[androidx.emoji2:emoji2:1.2.0] AndroidManifest.xml:27:13-37
79            <meta-data
79-->[androidx.emoji2:emoji2:1.2.0] AndroidManifest.xml:29:13-31:52
80                android:name="androidx.emoji2.text.EmojiCompatInitializer"
80-->[androidx.emoji2:emoji2:1.2.0] AndroidManifest.xml:30:17-75
81                android:value="androidx.startup" />
81-->[androidx.emoji2:emoji2:1.2.0] AndroidManifest.xml:31:17-49
82            <meta-data
82-->[androidx.lifecycle:lifecycle-process:2.6.1] AndroidManifest.xml:29:13-31:52
83                android:name="androidx.lifecycle.ProcessLifecycleInitializer"
83-->[androidx.lifecycle:lifecycle-process:2.6.1] AndroidManifest.xml:30:17-78
84                android:value="androidx.startup" />
84-->[androidx.lifecycle:lifecycle-process:2.6.1] AndroidManifest.xml:31:17-49
85            <meta-data
85-->[androidx.profileinstaller:profileinstaller:1.3.0] AndroidManifest.xml:29:13-31:52
86                android:name="androidx.profileinstaller.ProfileInstallerInitializer"
86-->[androidx.profileinstaller:profileinstaller:1.3.0] AndroidManifest.xml:30:17-85
87                android:value="androidx.startup" />
87-->[androidx.profileinstaller:profileinstaller:1.3.0] AndroidManifest.xml:31:17-49
88        </provider>
89
90        <receiver
90-->[androidx.profileinstaller:profileinstaller:1.3.0] AndroidManifest.xml:34:9-52:20
91            android:name="androidx.profileinstaller.ProfileInstallReceiver"
91-->[androidx.profileinstaller:profileinstaller:1.3.0] AndroidManifest.xml:35:13-76
92            android:directBootAware="false"
92-->[androidx.profileinstaller:profileinstaller:1.3.0] AndroidManifest.xml:36:13-44
93            android:enabled="true"
93-->[androidx.profileinstaller:profileinstaller:1.3.0] AndroidManifest.xml:37:13-35
94            android:exported="true"
94-->[androidx.profileinstaller:profileinstaller:1.3.0] AndroidManifest.xml:38:13-36
95            android:permission="android.permission.DUMP" >
95-->[androidx.profileinstaller:profileinstaller:1.3.0] AndroidManifest.xml:39:13-57
96            <intent-filter>
96-->[androidx.profileinstaller:profileinstaller:1.3.0] AndroidManifest.xml:40:13-42:29
97                <action android:name="androidx.profileinstaller.action.INSTALL_PROFILE" />
97-->[androidx.profileinstaller:profileinstaller:1.3.0] AndroidManifest.xml:41:17-91
97-->[androidx.profileinstaller:profileinstaller:1.3.0] AndroidManifest.xml:41:25-88
98            </intent-filter>
99            <intent-filter>
99-->[androidx.profileinstaller:profileinstaller:1.3.0] AndroidManifest.xml:43:13-45:29
100                <action android:name="androidx.profileinstaller.action.SKIP_FILE" />
100-->[androidx.profileinstaller:profileinstaller:1.3.0] AndroidManifest.xml:44:17-85
100-->[androidx.profileinstaller:profileinstaller:1.3.0] AndroidManifest.xml:44:25-82
101            </intent-filter>
102            <intent-filter>
102-->[androidx.profileinstaller:profileinstaller:1.3.0] AndroidManifest.xml:46:13-48:29
103                <action android:name="androidx.profileinstaller.action.SAVE_PROFILE" />
103-->[androidx.profileinstaller:profileinstaller:1.3.0] AndroidManifest.xml:47:17-88
103-->[androidx.profileinstaller:profileinstaller:1.3.0] AndroidManifest.xml:47:25-85
104            </intent-filter>
105            <intent-filter>
105-->[androidx.profileinstaller:profileinstaller:1.3.0] AndroidManifest.xml:49:13-51:29
106                <action android:name="androidx.profileinstaller.action.BENCHMARK_OPERATION" />
106-->[androidx.profileinstaller:profileinstaller:1.3.0] AndroidManifest.xml:50:17-95
106-->[androidx.profileinstaller:profileinstaller:1.3.0] AndroidManifest.xml:50:25-92
107            </intent-filter>
108        </receiver>
109    </application>
110
111</manifest>